<?xml version="1.0" encoding="UTF-8"?>
<testsuite name="net.thucydides.showcase.cucumber.UiCukes" time="2.96" tests="10" errors="0" skipped="0" failures="0">
  <properties>
[...]
</properties>
  <testcase name="Given I have access to  sydney heroku app" classname="Scenario: Verify Payment of Car insurance" time="0.003"/>
  <testcase name="When I click on get car quote link" classname="Scenario: Verify Payment of Car insurance" time="0"/>
  <testcase name="Then I enter quote request with following details:" classname="Scenario: Verify Payment of Car insurance" time="0"/>
  <testcase name="And I submit car quote details" classname="Scenario: Verify Payment of Car insurance" time="0"/>
  <testcase name="And I verify car details are correct:" classname="Scenario: Verify Payment of Car insurance" time="0"/>
  <testcase name="And I check &apos;52.50&apos; dollar as monthly premium amount" classname="Scenario: Verify Payment of Car insurance" time="0"/>
  <testcase name="When I buy car insurance" classname="Scenario: Verify Payment of Car insurance" time="0"/>
  <testcase name="Then I enter following details for insurance payment:" classname="Scenario: Verify Payment of Car insurance" time="0"/>
  <testcase name="And I pay for car insurance" classname="Scenario: Verify Payment of Car insurance" time="0"/>
  <testcase name="Scenario: Verify Payment of Car insurance" classname="Scenario: Verify Payment of Car insurance" time="2.957"/>
</testsuite>